This is LuaTeX, Version 1.07.0 (TeX Live 2018)  (format=lualatex 2018.4.16)  1 MAR 2019 00:50
 restricted system commands enabled.
**Marius_Olariu_M_Business_report.tex
(./Marius_Olariu_M_Business_report.tex
LaTeX2e <2018-04-01> patch level 2
Lua module: luaotfload-main 2017/01/29 2.80001 OpenType layout system.
Lua module: lualibs 2017-02-01 2.5 ConTeXt Lua standard libraries.
Lua module: lualibs-extended 2017-02-01 2.5 ConTeXt Lua libraries -- extended co
llection.(using write cache: /Users/macbookpro/Library/texlive/2018/texmf-var/lu
atex-cache/generic)(using read cache: /usr/local/texlive/2018/texmf-var/luatex-c
ache/generic /Users/macbookpro/Library/texlive/2018/texmf-var/luatex-cache/gener
ic)
luaotfload | conf : Root cache directory is /Users/macbookpro/Library/texlive/20
18/texmf-var/luatex-cache/generic/names.
luaotfload | init : Loading fontloader “fontloader-2017-02-11.lua” from kpse
-resolved path “/usr/local/texlive/2018/texmf-dist/tex/luatex/luaotfload/fontl
oader-2017-02-11.lua”.
Lua-only attribute luaotfload@state = 1
Lua-only attribute luaotfload@noligature = 2
Lua-only attribute luaotfload@syllabe = 3
luaotfload | init : Context OpenType loader version “3.027”
Inserting `luaotfload.node_processor' at position 1 in `pre_linebreak_filter'.
Inserting `luaotfload.node_processor' at position 1 in `hpack_filter'.
Inserting `luaotfload.define_font' at position 1 in `define_font'.
Lua-only attribute luaotfload_color_attribute = 4
luaotfload | conf : Root cache directory is /Users/macbookpro/Library/texlive/20
18/texmf-var/luatex-cache/generic/names.
Inserting `luaotfload.aux.set_sscale_dimens' at position 1 in `luaotfload.patch_
font'.
Inserting `luaotfload.aux.patch_cambria_domh' at position 2 in `luaotfload.patch
_font'.
Inserting `luaotfload.aux.fixup_fontdata' at position 1 in `luaotfload.patch_fon
t_unsafe'.
Inserting `luaotfload.aux.set_capheight' at position 3 in `luaotfload.patch_font
'.
Inserting `luaotfload.rewrite_fontname' at position 4 in `luaotfload.patch_font'
.
luaotfload | main : initialization completed in 0.129 seconds
Babel <3.18> and hyphenation patterns for 1 language(s) loaded.
(/usr/local/texlive/2018/texmf-dist/tex/latex/base/article.cls
Document Class: article 2014/09/29 v1.4h Standard LaTeX document class
(/usr/local/texlive/2018/texmf-dist/tex/latex/base/size10.clo
File: size10.clo 2014/09/29 v1.4h Standard LaTeX file (size option)
luaotfload | db : Font names database loaded from /Users/macbookpro/Library/texl
ive/2018/texmf-var/luatex-cache/generic/names/luaotfload-names.luc(load luc: /Us
ers/macbookpro/Library/texlive/2018/texmf-var/luatex-cache/generic/fonts/otl/lmr
oman10-regular.luc))
\c@part=\count80
\c@section=\count81
\c@subsection=\count82
\c@subsubsection=\count83
\c@paragraph=\count84
\c@subparagraph=\count85
\c@figure=\count86
\c@table=\count87
\abovecaptionskip=\skip41
\belowcaptionskip=\skip42
\bibindent=\dimen102
)
(/usr/local/texlive/2018/texmf-dist/tex/latex/wrapfig/wrapfig.sty
\wrapoverhang=\dimen103
\WF@size=\dimen104
\c@WF@wrappedlines=\count88
\WF@box=\box26
\WF@everypar=\toks14
Package: wrapfig 2003/01/31  v 3.6
)
(/usr/local/texlive/2018/texmf-dist/tex/latex/makecell/makecell.sty
Package: makecell 2009/08/03 V0.1e Managing of Tab Column Heads and Cells

(/usr/local/texlive/2018/texmf-dist/tex/latex/tools/array.sty
Package: array 2018/04/07 v2.4g Tabular extension package (FMi)
\col@sep=\dimen105
\ar@mcellbox=\box27
\extrarowheight=\dimen106
\NC@list=\toks15
\extratabsurround=\skip43
\backup@length=\skip44
\ar@cellbox=\box28
)
\rotheadsize=\dimen107
\c@nlinenum=\count89
\TeXr@lab=\toks16
)
(/usr/local/texlive/2018/texmf-dist/tex/latex/float/float.sty
Package: float 2001/11/08 v1.3d Float enhancements (AL)
\c@float@type=\count90
\float@exts=\toks17
\float@box=\box29
\@float@everytoks=\toks18
\@floatcapt=\box30
)
(/usr/local/texlive/2018/texmf-dist/tex/latex/graphics/graphicx.sty
Package: graphicx 2017/06/01 v1.1a Enhanced LaTeX Graphics (DPC,SPQR)

(/usr/local/texlive/2018/texmf-dist/tex/latex/graphics/keyval.sty
Package: keyval 2014/10/28 v1.15 key=value parser (DPC)
\KV@toks@=\toks19
)
(/usr/local/texlive/2018/texmf-dist/tex/latex/graphics/graphics.sty
Package: graphics 2017/06/25 v1.2c Standard LaTeX Graphics (DPC,SPQR)

(/usr/local/texlive/2018/texmf-dist/tex/latex/graphics/trig.sty
Package: trig 2016/01/03 v1.10 sin cos tan (DPC)
)
(/usr/local/texlive/2018/texmf-dist/tex/latex/graphics-cfg/graphics.cfg
File: graphics.cfg 2016/06/04 v1.11 sample graphics configuration
)
Package graphics Info: Driver file: luatex.def on input line 99.

(/usr/local/texlive/2018/texmf-dist/tex/latex/graphics-def/luatex.def
File: luatex.def 2018/01/08 v1.0l Graphics/color driver for luatex
))
\Gin@req@height=\dimen108
\Gin@req@width=\dimen109
)
(/usr/local/texlive/2018/texmf-dist/tex/latex/geometry/geometry.sty
Package: geometry 2018/03/24 v5.7 Page Geometry

(/usr/local/texlive/2018/texmf-dist/tex/generic/oberdiek/ifpdf.sty
Package: ifpdf 2017/03/15 v3.2 Provides the ifpdf switch
)
(/usr/local/texlive/2018/texmf-dist/tex/generic/oberdiek/ifvtex.sty
Package: ifvtex 2016/05/16 v1.6 Detect VTeX and its facilities (HO)
Package ifvtex Info: VTeX not detected.
)
(/usr/local/texlive/2018/texmf-dist/tex/generic/ifxetex/ifxetex.sty
Package: ifxetex 2010/09/12 v0.6 Provides ifxetex conditional
)
\Gm@cnth=\count91
\Gm@cntv=\count92
\c@Gm@tempcnt=\count93
\Gm@bindingoffset=\dimen110
\Gm@wd@mp=\dimen111
\Gm@odd@mp=\dimen112
\Gm@even@mp=\dimen113
\Gm@layoutwidth=\dimen114
\Gm@layoutheight=\dimen115
\Gm@layouthoffset=\dimen116
\Gm@layoutvoffset=\dimen117
\Gm@dimlist=\toks20
)
(/usr/local/texlive/2018/texmf-dist/tex/latex/tools/indentfirst.sty
Package: indentfirst 1995/11/23 v1.03 Indent first paragraph (DPC)
)

LaTeX Warning: Unused global option(s):
    [11].

(./Marius_Olariu_M_Business_report.aux)
\openout1 = Marius_Olariu_M_Business_report.aux

LaTeX Font Info:    Checking defaults for OML/cmm/m/it on input line 12.
LaTeX Font Info:    ... okay on input line 12.
LaTeX Font Info:    Checking defaults for T1/cmr/m/n on input line 12.
LaTeX Font Info:    ... okay on input line 12.
LaTeX Font Info:    Checking defaults for OT1/cmr/m/n on input line 12.
LaTeX Font Info:    ... okay on input line 12.
LaTeX Font Info:    Checking defaults for OMS/cmsy/m/n on input line 12.
LaTeX Font Info:    ... okay on input line 12.
LaTeX Font Info:    Checking defaults for TU/lmr/m/n on input line 12.
LaTeX Font Info:    ... okay on input line 12.
LaTeX Font Info:    Checking defaults for OMX/cmex/m/n on input line 12.
LaTeX Font Info:    ... okay on input line 12.
LaTeX Font Info:    Checking defaults for U/cmr/m/n on input line 12.
LaTeX Font Info:    ... okay on input line 12.

(/usr/local/texlive/2018/texmf-dist/tex/context/base/mkii/supp-pdf.mkii
[Loading MPS to PDF converter (version 2006.09.02).]
\scratchcounter=\count94
\scratchdimen=\dimen118
\scratchbox=\box31
\nofMPsegments=\count95
\nofMParguments=\count96
\everyMPshowfont=\toks21
\MPscratchCnt=\count97
\MPscratchDim=\dimen119
\MPnumerator=\count98
\makeMPintoPDFobject=\count99
\everyMPtoPDFconversion=\toks22
) (/usr/local/texlive/2018/texmf-dist/tex/latex/oberdiek/epstopdf-base.sty
Package: epstopdf-base 2016/05/15 v2.6 Base part for package epstopdf

(/usr/local/texlive/2018/texmf-dist/tex/generic/oberdiek/infwarerr.sty
Package: infwarerr 2016/05/16 v1.4 Providing info/warning/error messages (HO)
)
(/usr/local/texlive/2018/texmf-dist/tex/latex/oberdiek/grfext.sty
Package: grfext 2016/05/16 v1.2 Manage graphics extensions (HO)

(/usr/local/texlive/2018/texmf-dist/tex/generic/oberdiek/kvdefinekeys.sty
Package: kvdefinekeys 2016/05/16 v1.4 Define keys (HO)

(/usr/local/texlive/2018/texmf-dist/tex/generic/oberdiek/ltxcmds.sty
Package: ltxcmds 2016/05/16 v1.23 LaTeX kernel commands for general use (HO)
)))
(/usr/local/texlive/2018/texmf-dist/tex/latex/oberdiek/kvoptions.sty
Package: kvoptions 2016/05/16 v3.12 Key value format for package options (HO)

(/usr/local/texlive/2018/texmf-dist/tex/generic/oberdiek/kvsetkeys.sty
Package: kvsetkeys 2016/05/16 v1.17 Key value parser (HO)

(/usr/local/texlive/2018/texmf-dist/tex/generic/oberdiek/etexcmds.sty
Package: etexcmds 2016/05/16 v1.6 Avoid name clashes with e-TeX commands (HO)

(/usr/local/texlive/2018/texmf-dist/tex/generic/oberdiek/ifluatex.sty
Package: ifluatex 2016/05/16 v1.4 Provides the ifluatex switch (HO)
Package ifluatex Info: LuaTeX detected.
))))
(/usr/local/texlive/2018/texmf-dist/tex/generic/oberdiek/pdftexcmds.sty
Package: pdftexcmds 2018/01/30 v0.27 Utility functions of pdfTeX for LuaTeX (HO)

Package pdftexcmds Info: \pdf@primitive is available.
Package pdftexcmds Info: \pdf@ifprimitive is available.
Package pdftexcmds Info: \pdfdraftmode found.
\pdftexcmds@toks=\toks23
)
Package epstopdf-base Info: Redefining graphics rule for `.eps' on input line 43
8.
Package grfext Info: Graphics extension search list:
(grfext)             [.pdf,.png,.jpg,.mps,.jpeg,.jbig2,.jb2,.PDF,.PNG,.JPG,.JPEG
,.JBIG2,.JB2,.eps]
(grfext)             \AppendGraphicsExtensions on input line 456.

(/usr/local/texlive/2018/texmf-dist/tex/latex/latexconfig/epstopdf-sys.cfg
File: epstopdf-sys.cfg 2010/07/13 v1.3 Configuration of (r)epstopdf for TeX Live

))
*geometry* driver: auto-detecting
*geometry* detected driver: luatex
*geometry* verbose mode - [ preamble ] result:
* driver: luatex
* paper: <default>
* layout: <same size as paper>
* layoutoffset:(h,v)=(0.0pt,0.0pt)
* modes: 
* h-part:(L,W,R)=(72.26999pt, 469.75502pt, 72.26999pt)
* v-part:(T,H,B)=(72.26999pt, 650.43001pt, 72.26999pt)
* \paperwidth=614.295pt
* \paperheight=794.96999pt
* \textwidth=469.75502pt
* \textheight=650.43001pt
* \oddsidemargin=0.0pt
* \evensidemargin=0.0pt
* \topmargin=-37.0pt
* \headheight=12.0pt
* \headsep=25.0pt
* \topskip=10.0pt
* \footskip=30.0pt
* \marginparwidth=65.0pt
* \marginparsep=11.0pt
* \columnsep=10.0pt
* \skip\footins=9.0pt plus 4.0pt minus 2.0pt
* \hoffset=0.0pt
* \voffset=0.0pt
* \mag=1000
* \@twocolumnfalse
* \@twosidefalse
* \@mparswitchfalse
* \@reversemarginfalse
* (1in=72.27pt=25.4mm, 1cm=28.453pt)

<./imgs/uws_logo.png, id=1, 2007.5pt x 305.14pt>
File: ./imgs/uws_logo.png Graphic file (type png)
<use ./imgs/uws_logo.png>
Package luatex.def Info: ./imgs/uws_logo.png  used on input line 16.
(luatex.def)             Requested size: 142.25475pt x 42.6774pt.
(load luc: /Users/macbookpro/Library/texlive/2018/texmf-var/luatex-cache/generic
/fonts/otl/lmroman17-regular.luc)(load luc: /Users/macbookpro/Library/texlive/20
18/texmf-var/luatex-cache/generic/fonts/otl/lmroman12-bold.luc)(load luc: /Users
/macbookpro/Library/texlive/2018/texmf-var/luatex-cache/generic/fonts/otl/lmroma
n12-regular.luc) [1

{/usr/local/texlive/2018/texmf-var/fonts/map/pdftex/updmap/pdftex.map}<./imgs/uw
s_logo.png>] (./Marius_Olariu_M_Business_report.toc(load luc: /Users/macbookpro/
Library/texlive/2018/texmf-var/luatex-cache/generic/fonts/otl/lmroman10-bold.luc
)
LaTeX Font Info:    External font `cmex10' loaded for size
(Font)              <7> on input line 3.
LaTeX Font Info:    External font `cmex10' loaded for size
(Font)              <5> on input line 3.
)
\tf@toc=\write3

\openout3 = Marius_Olariu_M_Business_report.toc
 (./Marius_Olariu_M_Business_report.lof)
\tf@lof=\write4

\openout4 = Marius_Olariu_M_Business_report.lof

(./Marius_Olariu_M_Business_report.lot)
\tf@lot=\write5

\openout5 = Marius_Olariu_M_Business_report.lot
 [1]
Underfull \hbox (badness 10000) in paragraph at lines 59--60

 []


Underfull \hbox (badness 10000) in paragraph at lines 61--62

 []

(load luc: /Users/macbookpro/Library/texlive/2018/texmf-var/luatex-cache/generic
/fonts/otl/lmroman10-italic.luc)
<./imgs/stats.png, id=15, 1027.84pt x 513.92pt>
File: ./imgs/stats.png Graphic file (type png)
<use ./imgs/stats.png>
Package luatex.def Info: ./imgs/stats.png  used on input line 69.
(luatex.def)             Requested size: 462.52373pt x 231.26186pt.

Underfull \hbox (badness 10000) in paragraph at lines 63--71

 []

[2] [3<./imgs/stats.png>]
<./imgs/courseraLogo.png, id=24, 250.9375pt x 65.24374pt>
File: ./imgs/courseraLogo.png Graphic file (type png)
<use ./imgs/courseraLogo.png>
Package luatex.def Info: ./imgs/courseraLogo.png  used on input line 110.
(luatex.def)             Requested size: 234.8775pt x 61.07127pt.

Underfull \hbox (badness 10000) in paragraph at lines 142--143

 []

[4<./imgs/courseraLogo.png>] [5]
Underfull \hbox (badness 10000) in paragraph at lines 153--154

 []


Underfull \hbox (badness 10000) in paragraph at lines 155--156

 []


Underfull \hbox (badness 10000) in paragraph at lines 157--158

 []


Underfull \hbox (badness 10000) in paragraph at lines 159--160

 []


Underfull \hbox (badness 10000) in paragraph at lines 161--162

 []


Overfull \hbox (67.93996pt too wide) in paragraph at lines 163--164
[]\TU/lmr/m/n/10 The Next Billion-Dollar Star-tups (2018) Avail-able: https://w
ww.forbes.com/next-billion-dollar-startups/#246a9dbe4441
 []


Underfull \hbox (badness 10000) in paragraph at lines 163--164

 []


Underfull \hbox (badness 10000) in paragraph at lines 165--166

 []


Underfull \hbox (badness 10000) in paragraph at lines 167--168

 []


Underfull \hbox (badness 10000) in paragraph at lines 169--170

 []

[6] (./Marius_Olariu_M_Business_report.aux))

Here is how much of LuaTeX's memory you used:
 2461 strings out of 494413
 100000,128383 words of node,token memory allocated
 365 words of node memory still in use:
   2 hlist, 1 vlist, 1 rule, 2 glue, 3 attribute, 47 glue_spec, 3 attribute_list
, 1 write nodes
   avail lists: 1:1,2:221,3:56,4:60,5:207,6:14,7:4728,8:42,9:105,10:31,11:344
 6458 multiletter control sequences out of 65536+600000
 33 fonts using 2398311 bytes
 41i,14n,32p,1997b,269s stack positions out of 5000i,500n,10000p,200000b,100000s
</usr/local/texlive/2018/texmf-dist/fonts/opentype/public/lm/lmroman10-italic.ot
f></usr/local/texlive/2018/texmf-dist/fonts/opentype/public/lm/lmroman10-regular
.otf></usr/local/texlive/2018/texmf-dist/fonts/opentype/public/lm/lmroman10-bold
.otf></usr/local/texlive/2018/texmf-dist/fonts/opentype/public/lm/lmroman12-regu
lar.otf></usr/local/texlive/2018/texmf-dist/fonts/opentype/public/lm/lmroman12-b
old.otf>
Output written on Marius_Olariu_M_Business_report.pdf (7 pages, 101833 bytes).

PDF statistics: 66 PDF objects out of 1000 (max. 8388607)
 36 compressed objects within 1 object stream
 0 named destinations out of 1000 (max. 131072)
 1 words of extra memory for PDF output out of 10000 (max. 100000000)

