\BOOKMARK [1][-]{section.1}{Market Analysis}{}% 1
\BOOKMARK [2][-]{subsection.1.1}{Coursera}{section.1}% 2
\BOOKMARK [3][-]{subsubsection.1.1.1}{Purpose and target audience}{subsection.1.1}% 3
\BOOKMARK [3][-]{subsubsection.1.1.2}{Functionality}{subsection.1.1}% 4
\BOOKMARK [3][-]{subsubsection.1.1.3}{Design principles}{subsection.1.1}% 5
\BOOKMARK [3][-]{subsubsection.1.1.4}{User experience}{subsection.1.1}% 6
\BOOKMARK [3][-]{subsubsection.1.1.5}{Added value for the user}{subsection.1.1}% 7
\BOOKMARK [3][-]{subsubsection.1.1.6}{Problems}{subsection.1.1}% 8
\BOOKMARK [2][-]{subsection.1.2}{edX}{section.1}% 9
\BOOKMARK [3][-]{subsubsection.1.2.1}{Purpose and target audience}{subsection.1.2}% 10
\BOOKMARK [3][-]{subsubsection.1.2.2}{Functionality}{subsection.1.2}% 11
\BOOKMARK [3][-]{subsubsection.1.2.3}{Design principles}{subsection.1.2}% 12
\BOOKMARK [3][-]{subsubsection.1.2.4}{User experience}{subsection.1.2}% 13
\BOOKMARK [3][-]{subsubsection.1.2.5}{Added value for the user}{subsection.1.2}% 14
\BOOKMARK [3][-]{subsubsection.1.2.6}{Problems}{subsection.1.2}% 15
\BOOKMARK [1][-]{section.2}{App prototype Design}{}% 16
\BOOKMARK [2][-]{subsection.2.1}{App purpose and target audience}{section.2}% 17
\BOOKMARK [2][-]{subsection.2.2}{Functionality}{section.2}% 18
\BOOKMARK [2][-]{subsection.2.3}{App prototype screens and user experience}{section.2}% 19
\BOOKMARK [1][-]{Appendix.a.A}{Complete list of Coursera app main screens}{}% 20
